<?xml version="1.0" encoding="UTF-8"?>
<!-- Generated by org.testng.reporters.JUnitReportReporter -->
<testsuite hostname="BHUKRK329259L" failures="0" tests="1" name="SeleAssign.newReadExlTest" time="0.681" errors="0" timestamp="2020-12-10T11:44:55 IST" skipped="0">
  <testcase classname="SeleAssign.newReadExlTest" name="f" time="0.681"/>
  <system-out/>
</testsuite> <!-- SeleAssign.newReadExlTest -->
