<?xml version="1.0" encoding="UTF-8"?>
<!-- Generated by org.testng.reporters.JUnitReportReporter -->
<testsuite hostname="BHUKRK329259L" failures="0" tests="1" name="SeleAssign.inputText" time="21.248" errors="0" timestamp="2020-12-07T20:32:21 IST" skipped="0">
  <testcase classname="SeleAssign.inputText" name="f" time="21.248"/>
  <system-out/>
</testsuite> <!-- SeleAssign.inputText -->
