<?xml version="1.0" encoding="UTF-8"?>
<!-- Generated by org.testng.reporters.JUnitReportReporter -->
<testsuite hostname="BHUKRK329259L" failures="0" tests="3" name="SeleAssign.dataProv" time="9.489" errors="0" timestamp="2020-12-08T16:07:30 IST" skipped="0">
  <testcase classname="SeleAssign.dataProv" name="testMethod" time="3.146"/>
  <system-out/>
  <testcase classname="SeleAssign.dataProv" name="testMethod" time="3.204"/>
  <system-out/>
  <testcase classname="SeleAssign.dataProv" name="testMethod" time="3.139"/>
  <system-out/>
</testsuite> <!-- SeleAssign.dataProv -->
