<?xml version="1.0" encoding="UTF-8"?>
<!-- Generated by org.testng.reporters.JUnitReportReporter -->
<testsuite hostname="BHUKRK329259L" failures="0" tests="1" name="SeleAssign.screenShotTest" time="39.781" errors="0" timestamp="2020-12-10T11:42:26 IST" skipped="0">
  <testcase classname="SeleAssign.screenShotTest" name="f" time="39.781"/>
  <system-out/>
</testsuite> <!-- SeleAssign.screenShotTest -->
