<?xml version="1.0" encoding="UTF-8"?>
<!-- Generated by org.testng.reporters.JUnitReportReporter -->
<testsuite hostname="BHUKRK329259L" failures="0" tests="1" name="SeleAssign.googleSearch" time="14.389" errors="0" timestamp="2020-12-10T10:06:09 IST" skipped="0">
  <testcase classname="SeleAssign.googleSearch" name="f" time="14.389"/>
  <system-out/>
</testsuite> <!-- SeleAssign.googleSearch -->
