<?xml version="1.0" encoding="UTF-8"?>
<!-- Generated by org.testng.reporters.JUnitReportReporter -->
<testsuite hostname="BHUKRK329259L" failures="0" tests="1" name="SeleAssign.googleSearch" time="14.571" errors="0" timestamp="2020-12-07T16:55:35 IST" skipped="0">
  <testcase classname="SeleAssign.googleSearch" name="f" time="14.571"/>
  <system-out/>
</testsuite> <!-- SeleAssign.googleSearch -->
