<?xml version="1.0" encoding="UTF-8"?>
<!-- Generated by org.testng.reporters.JUnitReportReporter -->
<testsuite hostname="BHUKRK329259L" failures="0" tests="1" name="SeleAssign.findBrokenLink" time="19.278" errors="0" timestamp="2020-12-10T10:29:49 IST" skipped="0">
  <testcase classname="SeleAssign.findBrokenLink" name="f" time="19.278"/>
  <system-out/>
</testsuite> <!-- SeleAssign.findBrokenLink -->
