<?xml version="1.0" encoding="UTF-8"?>
<!-- Generated by org.testng.reporters.JUnitReportReporter -->
<testsuite hostname="BHUKRK329259L" failures="0" tests="1" name="SeleAssign.newTabTest" time="32.411" errors="0" timestamp="2020-12-10T11:18:00 IST" skipped="0">
  <testcase classname="SeleAssign.newTabTest" name="f" time="32.411"/>
  <system-out/>
</testsuite> <!-- SeleAssign.newTabTest -->
