<?xml version="1.0" encoding="UTF-8"?>
<!-- Generated by org.testng.reporters.JUnitReportReporter -->
<testsuite hostname="BHUKRK329259L" failures="0" tests="1" name="SeleAssign.pinCompare" time="16.887" errors="0" timestamp="2020-12-10T11:49:40 IST" skipped="0">
  <testcase classname="SeleAssign.pinCompare" name="f" time="16.887"/>
  <system-out/>
</testsuite> <!-- SeleAssign.pinCompare -->
