<?xml version="1.0" encoding="UTF-8"?>
<!-- Generated by org.testng.reporters.JUnitReportReporter -->
<testsuite hostname="BHUKRK329259L" failures="0" tests="1" name="SeleAssign.scrollPage" time="33.694" errors="0" timestamp="2020-12-07T18:13:58 IST" skipped="0">
  <testcase classname="SeleAssign.scrollPage" name="f" time="33.694"/>
  <system-out/>
</testsuite> <!-- SeleAssign.scrollPage -->
