<?xml version="1.0" encoding="UTF-8"?>
<!-- Generated by org.testng.reporters.JUnitReportReporter -->
<testsuite hostname="BHUKRK329259L" failures="0" tests="1" name="SeleAssign.googleAccCreate" time="18.609" errors="0" timestamp="2020-12-10T11:13:53 IST" skipped="0">
  <testcase classname="SeleAssign.googleAccCreate" name="f" time="18.609"/>
  <system-out/>
</testsuite> <!-- SeleAssign.googleAccCreate -->
