<?xml version="1.0" encoding="UTF-8"?>
<!-- Generated by org.testng.reporters.JUnitReportReporter -->
<testsuite hostname="BHUKRK329259L" failures="0" tests="3" name="SeleAssign.dataProv" time="9.512" errors="0" timestamp="2020-12-10T10:52:09 IST" skipped="0">
  <testcase classname="SeleAssign.dataProv" name="testMethod" time="3.147"/>
  <system-out/>
  <testcase classname="SeleAssign.dataProv" name="testMethod" time="3.147"/>
  <system-out/>
  <testcase classname="SeleAssign.dataProv" name="testMethod" time="3.218"/>
  <system-out/>
</testsuite> <!-- SeleAssign.dataProv -->
